<?xml version="1.0" encoding="UTF-8"?>

<beans xmlns="http://www.springframework.org/schema/beans"
       xmlns:xsi="http://www.w3.org/2001/XMLSchema-instance"
       xmlns:util="http://www.springframework.org/schema/util"
       xsi:schemaLocation="http://www.springframework.org/schema/beans http://www.springframework.org/schema/beans/spring-beans-3.2.xsd
                            http://www.springframework.org/schema/util http://www.springframework.org/schema/util/spring-util-3.2.xsd">

    <bean id="dataSource" class="org.springframework.jdbc.datasource.DriverManagerDataSource">
        <property name="driverClassName" value="${jdbc.driver}" />
        <property name="url" value="${jdbc.url}" />
        <property name="username" value="${jdbc.username}" />
        <property name="password" value="${jdbc.password}" />
    </bean>

    <util:map id="hibernateProperties" map-class="java.util.Properties">
        <entry key="hibernate.show_sql" value="true"/>
        <entry key="hibernate.format_sql" value="false"/>
        <entry key="hibernate.dialect" value="${database.hibernate.dialect}"/>
        <entry key="hibernate.default_schema" value="${database.schemaNames}"/>
        <entry key="hibernate.cache.use_second_level_cache" value="false"/>
        <entry key="hibernate.cache.use_query_cache" value="false"/>
        <entry key="hibernate.cache.provider_class" value="org.hibernate.cache.NoCacheProvider"/>
    </util:map>

    <bean id="note" class="name.isergius.learn.myblog.domain.Note">
        <constructor-arg name="articleDao" ref="feickArticleDao"/>
        <constructor-arg name="markerDao" ref="markerDao"/>
    </bean>

    <bean id="feickArticleDao" class="name.isergius.learn.myblog.domain.ArticleDaoFeick"/>

    <bean id="jndiCreator" class="name.isergius.learn.myblog.JndiCreator" init-method="init" lazy-init="false">
        <property name="dataSource" ref="dataSource"/>
    </bean>

</beans>